<?xml version="1.0" encoding="UTF-8"?>
<testsuite xmlns:xsi="http://www.w3.org/2001/XMLSchema-instance" xsi:noNamespaceSchemaLocation="https://maven.apache.org/surefire/maven-surefire-plugin/xsd/surefire-test-report.xsd" name="MainTest" time="0.853" tests="15" errors="2" skipped="0" failures="0">
  <properties>
[...]
</properties>
  <testcase name="testRectangleAccessModifiers" classname="MainTest" time="0.005"/>
  <testcase name="testCircleAccessModifiers" classname="MainTest" time="0.001"/>
  <testcase name="testEmployeeAccessModifiers" classname="MainTest" time="0"/>
  <testcase name="testCircleTypes" classname="MainTest" time="0.001"/>
  <testcase name="testEmployeeSubClasses" classname="MainTest" time="0"/>
  <testcase name="testGetArea" classname="MainTest" time="0.001"/>
  <testcase name="testRectangleTypes" classname="MainTest" time="0"/>
  <testcase name="testEmployeeTypes" classname="MainTest" time="0.001"/>
  <testcase name="testCuboidAccessModifiers" classname="MainTest" time="0"/>
  <testcase name="testCylinderAccessModifiers" classname="MainTest" time="0"/>
  <testcase name="testCuboidTypes" classname="MainTest" time="0.001"/>
  <testcase name="testCylinderTypes" classname="MainTest" time="0"/>
  <testcase name="testGetAreaRectangle" classname="MainTest" time="0.003">
    <error message="f != java.lang.String" type="java.util.IllegalFormatConversionException">java.util.IllegalFormatConversionException: f != java.lang.String
	at MainTest.testGetAreaRectangle(MainTest.java:102)
</error>
  </testcase>
  <testcase name="testGetVolume" classname="MainTest" time="0"/>
  <testcase name="testGetVolumeRectangle" classname="MainTest" time="0.001">
    <error message="f != java.lang.String" type="java.util.IllegalFormatConversionException">java.util.IllegalFormatConversionException: f != java.lang.String
	at MainTest.testGetVolumeRectangle(MainTest.java:122)
</error>
  </testcase>
</testsuite>